{
  "0 debug pnpm:scope": {
    "selected": 1,
    "workspacePrefix": null
  },
  "1 warn pnpm": {
    "message": "Unsupported engine: wanted: {\"node\":\"12\"} (current: {\"node\":\"v11.10.0\",\"pnpm\":\"3.8.1\"})",
    "prefix": "/home/aluno/jessss/2019-behappy-api"
  },
  "2 error pnpm": {
    "message": {
      "errno": 1,
      "code": "ELIFECYCLE",
      "pkgid": "tarefas-api@0.0.1",
      "stage": "db-populate",
      "script": "knex seed:run",
      "pkgname": "tarefas-api"
    },
    "err": {
      "name": "Error",
      "message": "tarefas-api@0.0.1 db-populate: `knex seed:run`\nExit status 1",
      "code": "ELIFECYCLE",
      "stack": "Error: tarefas-api@0.0.1 db-populate: `knex seed:run`\nExit status 1\n    at EventEmitter.proc.on (/home/aluno/.nvm/versions/node/v11.10.0/pnpm-global/2/node_modules/.registry.npmjs.org/pnpm/3.8.1/node_modules/pnpm/lib/node_modules/@zkochan/npm-lifecycle/index.js:302:16)\n    at EventEmitter.emit (events.js:197:13)\n    at ChildProcess.<anonymous> (/home/aluno/.nvm/versions/node/v11.10.0/pnpm-global/2/node_modules/.registry.npmjs.org/pnpm/3.8.1/node_modules/pnpm/lib/node_modules/@zkochan/npm-lifecycle/lib/spawn.js:55:14)\n    at ChildProcess.emit (events.js:197:13)\n    at maybeClose (internal/child_process.js:984:16)\n    at Process.ChildProcess._handle.onexit (internal/child_process.js:265:5)"
    }
  }
}